2023-04-03 02:45:26.436214 - Initialized conversion of CBT797
2023-04-03 02:45:27.271619 - Received SBGOLOB.CBT505.FILE797 from FILE797.XMI 
2023-04-03 02:45:27.274311 - Found $$$#DATE.txt (text/plain) in SBGOLOB.CBT505.FILE797, moved to FILE797/$$$#DATE
2023-04-03 02:45:27.275569 - Found @ARTICLE.txt (text/plain) in SBGOLOB.CBT505.FILE797, moved to FILE797/@ARTICLE
2023-04-03 02:45:27.276549 - Found @ARTICL2.txt (text/plain) in SBGOLOB.CBT505.FILE797, moved to FILE797/@ARTICL2
2023-04-03 02:45:27.277737 - Found @FILE797.txt (text/plain) in SBGOLOB.CBT505.FILE797, moved to FILE797/@FILE797
2023-04-03 02:45:27.278880 - Found ASUB.txt (text/plain) in SBGOLOB.CBT505.FILE797, moved to FILE797/ASUB
2023-04-03 02:45:27.279962 - Found ASUB$.jcl (text/plain) in SBGOLOB.CBT505.FILE797, moved to FILE797/ASUB$
2023-04-03 02:45:27.280946 - Found ASUBHELP.txt (text/plain) in SBGOLOB.CBT505.FILE797, moved to FILE797/ASUBHELP
2023-04-03 02:45:27.281962 - Found LLWA.txt (text/plain) in SBGOLOB.CBT505.FILE797, moved to FILE797/LLWA
2023-04-03 02:45:27.282915 - Found LLWA$.jcl (text/plain) in SBGOLOB.CBT505.FILE797, moved to FILE797/LLWA$
2023-04-03 02:45:27.284044 - Found LLWAHELP.txt (text/plain) in SBGOLOB.CBT505.FILE797, moved to FILE797/LLWAHELP
2023-04-03 02:45:27.442114 - Found LOADLIB.xmi (application/xmit) in SBGOLOB.CBT505.FILE797
2023-04-03 02:45:27.560208   - Received RECFM=U data, stored XMIT file as CBT797/LOADLIB.xmi
2023-04-03 02:45:27.561278 - Found LWAEDIT1.txt (text/plain) in SBGOLOB.CBT505.FILE797, moved to FILE797/LWAEDIT1
2023-04-03 02:45:27.562170 - Found LWATEDI$.jcl (text/plain) in SBGOLOB.CBT505.FILE797, moved to FILE797/LWATEDI$
2023-04-03 02:45:27.563123 - Found LWATEDI@.txt (text/plain) in SBGOLOB.CBT505.FILE797, moved to FILE797/LWATEDI@
2023-04-03 02:45:27.564188 - Found LWATEDIT.txt (text/plain) in SBGOLOB.CBT505.FILE797, moved to FILE797/LWATEDIT
2023-04-03 02:45:27.565350 - Found LWATMGR.txt (text/plain) in SBGOLOB.CBT505.FILE797, moved to FILE797/LWATMGR
2023-04-03 02:45:27.566358 - Found LWATMGR$.jcl (text/plain) in SBGOLOB.CBT505.FILE797, moved to FILE797/LWATMGR$
2023-04-03 02:45:27.567373 - Found LWATMGR@.txt (text/plain) in SBGOLOB.CBT505.FILE797, moved to FILE797/LWATMGR@
2023-04-03 02:45:28.591052 - Found MACLIB.xmi (application/xmit) in SBGOLOB.CBT505.FILE797
2023-04-03 02:45:28.761118   - Received to CBT797/FILE452.MACLIB
2023-04-03 02:45:29.534510 - Found MACLIBO.xmi (application/xmit) in SBGOLOB.CBT505.FILE797
2023-04-03 02:45:29.718319   - Received to CBT797/FILE452.MACLIB
2023-04-03 02:45:29.719633 - Found RDHSVCA8.jcl (text/plain) in SBGOLOB.CBT505.FILE797, moved to FILE797/RDHSVCA8
2023-04-03 02:45:29.729657 - Found SAMPLIST.xmi (application/xmit) in SBGOLOB.CBT505.FILE797
2023-04-03 02:45:29.733193   - Received to CBT797/LRECL8.SAMPPDS
2023-04-03 02:45:29.738512 - Found SAMPLOAD.xmi (application/xmit) in SBGOLOB.CBT505.FILE797
2023-04-03 02:45:29.749766   - Received RECFM=U data, stored XMIT file as CBT797/SAMPLOAD.xmi
2023-04-03 02:45:29.750906 - Found SAMPPARM.txt (text/plain) in SBGOLOB.CBT505.FILE797, moved to FILE797/SAMPPARM
2023-04-03 02:45:29.752090 - Found SHOWTPV$.jcl (text/plain) in SBGOLOB.CBT505.FILE797, moved to FILE797/SHOWTPV$
2023-04-03 02:45:29.753220 - Found SHOWTPVT.txt (text/plain) in SBGOLOB.CBT505.FILE797, moved to FILE797/SHOWTPVT
2023-04-03 02:45:29.754342 - Found STEPLIB.txt (text/plain) in SBGOLOB.CBT505.FILE797, moved to FILE797/STEPLIB
2023-04-03 02:45:29.755547 - Found TSUB.txt (text/plain) in SBGOLOB.CBT505.FILE797, moved to FILE797/TSUB
2023-04-03 02:45:29.756632 - Found TSUB$.jcl (text/plain) in SBGOLOB.CBT505.FILE797, moved to FILE797/TSUB$
2023-04-03 02:45:29.757656 - Found TSUB#01.txt (text/plain) in SBGOLOB.CBT505.FILE797, moved to FILE797/TSUB#01
2023-04-03 02:45:29.758633 - Found TSUB#02.txt (text/plain) in SBGOLOB.CBT505.FILE797, moved to FILE797/TSUB#02
2023-04-03 02:45:29.759691 - Found TSUB#03.txt (text/plain) in SBGOLOB.CBT505.FILE797, moved to FILE797/TSUB#03
2023-04-03 02:45:29.760709 - Found TSUB#04.txt (text/plain) in SBGOLOB.CBT505.FILE797, moved to FILE797/TSUB#04
2023-04-03 02:45:29.761587 - Found TSUB#05.txt (text/plain) in SBGOLOB.CBT505.FILE797, moved to FILE797/TSUB#05
2023-04-03 02:45:29.762462 - Found TSUB#06.txt (text/plain) in SBGOLOB.CBT505.FILE797, moved to FILE797/TSUB#06
2023-04-03 02:45:29.763470 - Found TSUB#07.txt (text/plain) in SBGOLOB.CBT505.FILE797, moved to FILE797/TSUB#07
2023-04-03 02:45:29.764510 - Found TSUB#08.txt (text/plain) in SBGOLOB.CBT505.FILE797, moved to FILE797/TSUB#08
2023-04-03 02:45:29.765485 - Found TSUB#09.txt (text/plain) in SBGOLOB.CBT505.FILE797, moved to FILE797/TSUB#09
2023-04-03 02:45:29.766472 - Found TSUB#10.txt (text/plain) in SBGOLOB.CBT505.FILE797, moved to FILE797/TSUB#10
2023-04-03 02:45:29.767525 - Found TSUB#11.txt (text/plain) in SBGOLOB.CBT505.FILE797, moved to FILE797/TSUB#11
2023-04-03 02:45:29.768541 - Found TSUBHELP.txt (text/plain) in SBGOLOB.CBT505.FILE797, moved to FILE797/TSUBHELP
2023-04-03 02:45:29.769539 - Found TSUBQUIK.txt (text/plain) in SBGOLOB.CBT505.FILE797, moved to FILE797/TSUBQUIK
2023-04-03 02:45:29.770666 - Found TSUB36.txt (text/plain) in SBGOLOB.CBT505.FILE797, moved to FILE797/TSUB36
